<?xml version="1.0" encoding="UTF-8"?>
<testsuite name="step1.SetTest" tests="4" skipped="0" failures="0" errors="0" timestamp="2021-05-11T13:21:04" hostname="DESKTOP-VULSRUU" time="0.049">
  <properties/>
  <testcase name="[1] 1" classname="step1.SetTest" time="0.043"/>
  <testcase name="[2] 2" classname="step1.SetTest" time="0.0"/>
  <testcase name="[3] 3" classname="step1.SetTest" time="0.001"/>
  <testcase name="Set �겕湲� �솗�씤" classname="step1.SetTest" time="0.0"/>
  <system-out><![CDATA[]]></system-out>
  <system-err><![CDATA[]]></system-err>
</testsuite>
